<?xml version="1.0" encoding="UTF-8"?>
<!-- Generated by org.testng.reporters.JUnitReportReporter -->
<testsuite skipped="0" hostname="DESKTOP-S2ULREL" name="Add_Restaurant" tests="2" failures="0" timestamp="2019-09-05T21:46:44 PDT" time="14.022" errors="0">
  <testcase name="Login" time="9.663" classname="Add_Restaurant"/>
  <testcase name="Add_Restaurant" time="4.359" classname="Add_Restaurant"/>
</testsuite> <!-- Add_Restaurant -->
