<?xml version="1.0" encoding="UTF-8"?>
<!-- Generated by org.testng.reporters.JUnitReportReporter -->
<testsuite skipped="0" hostname="DESKTOP-S2ULREL" name="Restaurant_RM" tests="2" failures="0" timestamp="2019-09-10T12:45:05 PDT" time="18.272" errors="0">
  <testcase name="Login" time="11.472" classname="Restaurant_RM"/>
  <testcase name="Add_Restaurant" time="6.800" classname="Restaurant_RM"/>
</testsuite> <!-- Restaurant_RM -->
